INFO: 2020-02-04 15:01:33,140: main() 'Using profile folder /home/paarangat/.config/variety/'
INFO: 2020-02-04 15:01:33,156: perform_upgrade() 'Last run version was 0.8.2 or earlier, current version is 0.8.2'
INFO: 2020-02-04 15:01:33,530: process_command() 'Received command: []'
INFO: 2020-02-04 15:01:33,540: load_banned() 'Missing or invalid banned URLs list, no URLs will be banned'
INFO: 2020-02-04 15:01:33,577: start() 'Using data_path /usr/share/variety'
INFO: 2020-02-04 15:01:33,578: load() 'Jumble loading'
INFO: 2020-02-04 15:01:33,580: _walk_modules() 'Jumble loading module in __init__ from /usr/lib/python3.8/site-packages/variety/plugins/builtin/__init__.py'
INFO: 2020-02-04 15:01:33,584: _walk_modules() 'Jumble loading module in UnsplashDownloader from /usr/lib/python3.8/site-packages/variety/plugins/builtin/downloaders/UnsplashDownloader.py'
INFO: 2020-02-04 15:01:33,588: load() 'Jumble found plugin class: <class 'UnsplashDownloader.UnsplashDownloader'>: {'name': 'UnsplashDownloader', 'description': 'High-resolution photos from Unsplash.com', 'author': 'Peter Levi', 'version': '0.1'}'
INFO: 2020-02-04 15:01:33,589: _walk_modules() 'Jumble loading module in APODDownloader from /usr/lib/python3.8/site-packages/variety/plugins/builtin/downloaders/APODDownloader.py'
INFO: 2020-02-04 15:01:33,593: load() 'Jumble found plugin class: <class 'APODDownloader.APODDownloader'>: {'name': 'APODDownloader', 'description': 'NASA Astro Pic of the Day', 'author': 'Peter Levi', 'version': '0.1'}'
INFO: 2020-02-04 15:01:33,596: _walk_modules() 'Jumble loading module in MediaRSSSource from /usr/lib/python3.8/site-packages/variety/plugins/builtin/downloaders/MediaRSSSource.py'
INFO: 2020-02-04 15:01:33,606: load() 'Jumble found plugin class: <class 'MediaRSSSource.MediaRSSSource'>: {'name': 'MediaRSSSource', 'description': 'Configurable source for fetching images from MediaRSS feeds', 'author': 'Peter Levi', 'version': '0.1'}'
INFO: 2020-02-04 15:01:33,607: _walk_modules() 'Jumble loading module in RedditDownloader from /usr/lib/python3.8/site-packages/variety/plugins/builtin/downloaders/RedditDownloader.py'
INFO: 2020-02-04 15:01:33,609: _walk_modules() 'Jumble loading module in MediaRSSDownloader from /usr/lib/python3.8/site-packages/variety/plugins/builtin/downloaders/MediaRSSDownloader.py'
INFO: 2020-02-04 15:01:33,611: _walk_modules() 'Jumble loading module in BingDownloader from /usr/lib/python3.8/site-packages/variety/plugins/builtin/downloaders/BingDownloader.py'
INFO: 2020-02-04 15:01:33,613: load() 'Jumble found plugin class: <class 'BingDownloader.BingDownloader'>: {'name': 'BingDownloader', 'description': 'Bing Photo of the Day', 'author': 'Peter Levi', 'version': '0.1'}'
INFO: 2020-02-04 15:01:33,615: _walk_modules() 'Jumble loading module in EarthviewDownloader from /usr/lib/python3.8/site-packages/variety/plugins/builtin/downloaders/EarthviewDownloader.py'
INFO: 2020-02-04 15:01:33,618: load() 'Jumble found plugin class: <class 'EarthviewDownloader.EarthviewDownloader'>: {'name': 'EarthviewDownloader', 'description': 'Google Earth View Wallpapers', 'author': 'Peter Levi', 'version': '0.1'}'
INFO: 2020-02-04 15:01:33,619: _walk_modules() 'Jumble loading module in WallhavenDownloader from /usr/lib/python3.8/site-packages/variety/plugins/builtin/downloaders/WallhavenDownloader.py'
INFO: 2020-02-04 15:01:33,622: _walk_modules() 'Jumble loading module in __init__ from /usr/lib/python3.8/site-packages/variety/plugins/builtin/downloaders/__init__.py'
INFO: 2020-02-04 15:01:33,623: _walk_modules() 'Jumble loading module in DesktopprDownloader from /usr/lib/python3.8/site-packages/variety/plugins/builtin/downloaders/DesktopprDownloader.py'
INFO: 2020-02-04 15:01:33,627: load() 'Jumble found plugin class: <class 'DesktopprDownloader.DesktopprDownloader'>: {'name': 'DesktopprDownloader', 'description': 'Random wallpapers from Desktoppr.co', 'author': 'Peter Levi', 'version': '0.1'}'
INFO: 2020-02-04 15:01:33,629: _walk_modules() 'Jumble loading module in EarthDownloader from /usr/lib/python3.8/site-packages/variety/plugins/builtin/downloaders/EarthDownloader.py'
INFO: 2020-02-04 15:01:33,631: load() 'Jumble found plugin class: <class 'EarthDownloader.EarthDownloader'>: {'name': 'EarthDownloader', 'description': 'World Sunlight Map - live wallpaper from Die.net', 'author': 'Peter Levi', 'version': '0.1'}'
INFO: 2020-02-04 15:01:33,633: _walk_modules() 'Jumble loading module in UnsplashConfigurableSource from /usr/lib/python3.8/site-packages/variety/plugins/builtin/downloaders/UnsplashConfigurableSource.py'
INFO: 2020-02-04 15:01:33,640: load() 'Jumble found plugin class: <class 'UnsplashConfigurableSource.UnsplashConfigurableSource'>: {'name': 'UnsplashConfigurableSource', 'description': 'Configurable source for fetching photos from Unsplash.com', 'author': 'Peter Levi', 'version': '0.1'}'
INFO: 2020-02-04 15:01:33,643: _walk_modules() 'Jumble loading module in RedditSource from /usr/lib/python3.8/site-packages/variety/plugins/builtin/downloaders/RedditSource.py'
INFO: 2020-02-04 15:01:33,645: load() 'Jumble found plugin class: <class 'RedditSource.RedditSource'>: {'name': 'RedditSource', 'description': 'Configurable source for fetching images from Reddit', 'author': 'Peter Levi', 'version': '0.1'}'
INFO: 2020-02-04 15:01:33,646: _walk_modules() 'Jumble loading module in WallhavenSource from /usr/lib/python3.8/site-packages/variety/plugins/builtin/downloaders/WallhavenSource.py'
INFO: 2020-02-04 15:01:33,649: load() 'Jumble found plugin class: <class 'WallhavenSource.WallhavenSource'>: {'name': 'MediaRSSSource', 'description': 'Configurable source for fetching images from Wallhaven.cc', 'author': 'Peter Levi', 'version': '0.1'}'
INFO: 2020-02-04 15:01:33,651: _walk_modules() 'Jumble loading module in ChromeOSWallpapersDownloader from /usr/lib/python3.8/site-packages/variety/plugins/builtin/downloaders/ChromeOSWallpapersDownloader.py'
INFO: 2020-02-04 15:01:33,653: load() 'Jumble found plugin class: <class 'ChromeOSWallpapersDownloader.ChromeOSWallpapersDownloader'>: {'name': 'ChromeOsWallpapersDownloader', 'description': 'Chrome OS Wallpapers', 'author': 'Peter Levi', 'version': '0.1'}'
INFO: 2020-02-04 15:01:33,655: _walk_modules() 'Jumble loading module in UrbanDictionarySource from /usr/lib/python3.8/site-packages/variety/plugins/builtin/quotes/UrbanDictionarySource.py'
INFO: 2020-02-04 15:01:33,658: load() 'Jumble found plugin class: <class 'UrbanDictionarySource.UrbanDictionarySource'>: {'name': 'Urban Dictionary', 'description': 'Displays definitions from Urban Dictionary', 'author': 'James Miller', 'version': '0.1'}'
INFO: 2020-02-04 15:01:33,658: _walk_modules() 'Jumble loading module in __init__ from /usr/lib/python3.8/site-packages/variety/plugins/builtin/quotes/__init__.py'
INFO: 2020-02-04 15:01:33,662: _walk_modules() 'Jumble loading module in FortuneSource from /usr/lib/python3.8/site-packages/variety/plugins/builtin/quotes/FortuneSource.py'
INFO: 2020-02-04 15:01:33,671: load() 'Jumble found plugin class: <class 'FortuneSource.FortuneSource'>: {'name': 'UNIX fortune program', 'description': 'Displays quotes using the UNIX fortune program. You may want to install additional fortune packs, e.g. fortunes-bofh-excuses.', 'author': 'Dan Jones', 'version': '0.1'}'
INFO: 2020-02-04 15:01:33,677: _walk_modules() 'Jumble loading module in GoodreadsSource from /usr/lib/python3.8/site-packages/variety/plugins/builtin/quotes/GoodreadsSource.py'
INFO: 2020-02-04 15:01:33,714: load() 'Jumble found plugin class: <class 'GoodreadsSource.GoodreadsSource'>: {'name': 'Goodreads', 'description': 'Fetches quotes from Goodreads.com', 'author': 'Peter Levi', 'version': '0.1'}'
INFO: 2020-02-04 15:01:33,728: _walk_modules() 'Jumble loading module in LocalFilesSource from /usr/lib/python3.8/site-packages/variety/plugins/builtin/quotes/LocalFilesSource.py'
INFO: 2020-02-04 15:01:33,731: load() 'Jumble found plugin class: <class 'LocalFilesSource.LocalFilesSource'>: {'name': 'Local text files', 'description': 'Displays quotes, defined in local text files.\nPut your own txt files in: ~/.config/variety/pluginconfig/quotes/.\nThe file format is:\n\nquote -- author\n.\nsecond quote -- another author\n.\netc...\n\nExample: http://rvelthuis.de/zips/quotes.txt', 'author': 'Peter Levi', 'version': '0.1'}'
INFO: 2020-02-04 15:01:33,736: _walk_modules() 'Jumble loading module in QuotationsPageSource from /usr/lib/python3.8/site-packages/variety/plugins/builtin/quotes/QuotationsPageSource.py'
INFO: 2020-02-04 15:01:33,739: load() 'Jumble found plugin class: <class 'QuotationsPageSource.QuotationsPageSource'>: {'name': 'TheQuotationsPage.com', 'description': 'Fetches quotes from TheQuotationsPage.com', 'author': 'Peter Levi', 'version': '0.1'}'
INFO: 2020-02-04 15:01:33,754: reload_config() 'Creating new downloader for type chromeos, location Chrome OS Wallpapers'
INFO: 2020-02-04 15:01:33,754: reload_config() 'Creating new downloader for type earthview, location Google Earth View Wallpapers'
INFO: 2020-02-04 15:01:33,761: log_options() 'Loaded options:'
INFO: 2020-02-04 15:01:33,762: log_options() 'change_enabled = False'
INFO: 2020-02-04 15:01:33,762: log_options() 'change_interval = 300'
INFO: 2020-02-04 15:01:33,762: log_options() 'change_on_start = False'
INFO: 2020-02-04 15:01:33,762: log_options() 'clipboard_enabled = False'
INFO: 2020-02-04 15:01:33,762: log_options() 'clipboard_hosts = ['wallhaven.cc', 'wallpapers.net', 'flickr.com', 'imgur.com', 'deviantart.com', 'interfacelift.com', 'vladstudio.com', 'imageshack.us', 'deviantart.net', 'imageshack.com']'
INFO: 2020-02-04 15:01:33,762: log_options() 'clipboard_use_whitelist = True'
INFO: 2020-02-04 15:01:33,762: log_options() 'clock_date_font = Ubuntu Condensed, 30'
INFO: 2020-02-04 15:01:33,762: log_options() 'clock_enabled = False'
INFO: 2020-02-04 15:01:33,763: log_options() 'clock_filter = -density 100 -font `fc-match -f '%{file[0]}' '%CLOCK_FONT_NAME'` -pointsize %CLOCK_FONT_SIZE -gravity SouthEast -fill '#00000044' -annotate 0x0+[%HOFFSET+58]+[%VOFFSET+108] '%H:%M' -fill white -annotate 0x0+[%HOFFSET+60]+[%VOFFSET+110] '%H:%M' -font `fc-match -f '%{file[0]}' '%DATE_FONT_NAME'` -pointsize %DATE_FONT_SIZE -fill '#00000044' -annotate 0x0+[%HOFFSET+58]+[%VOFFSET+58] '%A, %B %d' -fill white -annotate 0x0+[%HOFFSET+60]+[%VOFFSET+60] '%A, %B %d''
INFO: 2020-02-04 15:01:33,763: log_options() 'clock_font = Ubuntu Condensed, 70'
INFO: 2020-02-04 15:01:33,763: log_options() 'configfile = /home/paarangat/.config/variety/variety.conf'
INFO: 2020-02-04 15:01:33,763: log_options() 'copyto_enabled = False'
INFO: 2020-02-04 15:01:33,763: log_options() 'copyto_folder = Default'
INFO: 2020-02-04 15:01:33,763: log_options() 'desired_color = [160, 160, 160]'
INFO: 2020-02-04 15:01:33,763: log_options() 'desired_color_enabled = False'
INFO: 2020-02-04 15:01:33,763: log_options() 'download_folder = /home/paarangat/.config/variety/Downloaded'
INFO: 2020-02-04 15:01:33,763: log_options() 'download_preference_ratio = 0.9'
INFO: 2020-02-04 15:01:33,763: log_options() 'favorites_folder = /home/paarangat/.config/variety/Favorites'
INFO: 2020-02-04 15:01:33,763: log_options() 'favorites_operations = [['Downloaded', 'Copy'], ['Fetched', 'Move'], ['Others', 'Copy']]'
INFO: 2020-02-04 15:01:33,763: log_options() 'fetched_folder = /home/paarangat/.config/variety/Fetched'
INFO: 2020-02-04 15:01:33,764: log_options() 'filters = [[False, 'Keep original', ''], [False, 'Grayscale', '-type Grayscale'], [False, 'Heavy blur', '-blur 120x40'], [False, 'Soft blur', '-blur 20x7'], [False, 'Oil painting', '-paint 8'], [False, 'Pencil sketch', '-colorspace gray \\( +clone -tile ~/.config/variety/pencil_tile.png -draw "color 0,0 reset" +clone +swap -compose color_dodge -composite \\) -fx \'u*.2+v*.8\''], [False, 'Pointilism', '-spread 10 -noise 3'], [False, 'Pixellate', '-scale 3% -scale 3333%']]'
INFO: 2020-02-04 15:01:33,764: log_options() 'icon = Light'
INFO: 2020-02-04 15:01:33,765: log_options() 'lightness_enabled = False'
INFO: 2020-02-04 15:01:33,765: log_options() 'lightness_mode = 0'
INFO: 2020-02-04 15:01:33,765: log_options() 'min_rating = 4'
INFO: 2020-02-04 15:01:33,765: log_options() 'min_rating_enabled = False'
INFO: 2020-02-04 15:01:33,765: log_options() 'min_size = 80'
INFO: 2020-02-04 15:01:33,766: log_options() 'min_size_enabled = True'
INFO: 2020-02-04 15:01:33,766: log_options() 'quota_enabled = False'
INFO: 2020-02-04 15:01:33,766: log_options() 'quota_size = 500'
INFO: 2020-02-04 15:01:33,766: log_options() 'quotes_authors = '
INFO: 2020-02-04 15:01:33,766: log_options() 'quotes_bg_color = [80, 80, 80]'
INFO: 2020-02-04 15:01:33,766: log_options() 'quotes_bg_opacity = 55'
INFO: 2020-02-04 15:01:33,766: log_options() 'quotes_change_enabled = False'
INFO: 2020-02-04 15:01:33,766: log_options() 'quotes_change_interval = 300'
INFO: 2020-02-04 15:01:33,766: log_options() 'quotes_disabled_sources = ['Urban Dictionary']'
INFO: 2020-02-04 15:01:33,766: log_options() 'quotes_enabled = False'
INFO: 2020-02-04 15:01:33,766: log_options() 'quotes_favorites_file = /home/paarangat/.config/variety/favorite_quotes.txt'
INFO: 2020-02-04 15:01:33,766: log_options() 'quotes_font = Bitstream Charter 30'
INFO: 2020-02-04 15:01:33,767: log_options() 'quotes_hpos = 100'
INFO: 2020-02-04 15:01:33,767: log_options() 'quotes_max_length = 250'
INFO: 2020-02-04 15:01:33,767: log_options() 'quotes_tags = '
INFO: 2020-02-04 15:01:33,767: log_options() 'quotes_text_color = [255, 255, 255]'
INFO: 2020-02-04 15:01:33,767: log_options() 'quotes_text_shadow = False'
INFO: 2020-02-04 15:01:33,767: log_options() 'quotes_vpos = 40'
INFO: 2020-02-04 15:01:33,767: log_options() 'quotes_width = 70'
INFO: 2020-02-04 15:01:33,767: log_options() 'safe_mode = False'
INFO: 2020-02-04 15:01:33,767: log_options() 'slideshow_custom_enabled = False'
INFO: 2020-02-04 15:01:33,767: log_options() 'slideshow_custom_folder = /home/paarangat/Pictures'
INFO: 2020-02-04 15:01:33,767: log_options() 'slideshow_downloads_enabled = False'
INFO: 2020-02-04 15:01:33,768: log_options() 'slideshow_fade = 0.4'
INFO: 2020-02-04 15:01:33,768: log_options() 'slideshow_favorites_enabled = True'
INFO: 2020-02-04 15:01:33,768: log_options() 'slideshow_mode = Fullscreen'
INFO: 2020-02-04 15:01:33,768: log_options() 'slideshow_monitor = All'
INFO: 2020-02-04 15:01:33,768: log_options() 'slideshow_pan = 0.05'
INFO: 2020-02-04 15:01:33,768: log_options() 'slideshow_seconds = 6.0'
INFO: 2020-02-04 15:01:33,768: log_options() 'slideshow_sort_order = Random'
INFO: 2020-02-04 15:01:33,768: log_options() 'slideshow_sources_enabled = True'
INFO: 2020-02-04 15:01:33,768: log_options() 'slideshow_zoom = 0.2'
INFO: 2020-02-04 15:01:33,768: log_options() 'smart_enabled = False'
INFO: 2020-02-04 15:01:33,768: log_options() 'smart_notice_shown = True'
INFO: 2020-02-04 15:01:33,768: log_options() 'smart_register_shown = False'
INFO: 2020-02-04 15:01:33,769: log_options() 'sources = [[True, 'favorites', 'The Favorites folder'], [False, 'fetched', 'The Fetched folder'], [False, 'folder', '/usr/share/backgrounds'], [False, 'desktoppr', 'Random wallpapers from Desktoppr.co'], [False, 'bing', 'Bing Photo of the Day'], [False, 'unsplash', 'High-resolution photos from Unsplash.com'], [False, 'apod', "NASA's Astronomy Picture of the Day"], [False, 'earth', 'World Sunlight Map - live wallpaper from Die.net'], [False, 'flickr', 'user:www.flickr.com/photos/peter-levi/;user_id:93647178@N00;'], [True, 'chromeos', 'Chrome OS Wallpapers'], [True, 'earthview', 'Google Earth View Wallpapers']]'
INFO: 2020-02-04 15:01:33,769: log_options() 'stats_enabled = True'
INFO: 2020-02-04 15:01:33,769: log_options() 'stats_notice_shown = True'
INFO: 2020-02-04 15:01:33,769: log_options() 'sync_enabled = True'
INFO: 2020-02-04 15:01:33,769: log_options() 'use_landscape_enabled = True'
INFO: 2020-02-04 15:01:33,769: reload_config() 'No need to clear prepared queue'
INFO: 2020-02-04 15:01:33,769: update_indicator() 'Setting file info to: /home/paarangat/.config/variety/Downloaded/Earth View/Dashoguz Province, Turkmenistan (ID-6048).jpg'
INFO: 2020-02-04 15:01:33,780: load_last_change_time() 'Change interval < 6 hours, ignore persisted last_change_time, wait initially the whole interval: 300'
INFO: 2020-02-04 15:01:33,780: update_indicator() 'Setting file info to: /home/paarangat/.config/variety/Downloaded/Earth View/Dashoguz Province, Turkmenistan (ID-6048).jpg'
INFO: 2020-02-04 15:01:33,786: regular_change_thread() 'regular_change thread running'
INFO: 2020-02-04 15:01:33,786: regular_change_thread() 'regular_change: waiting till user resumes'
INFO: 2020-02-04 15:01:33,787: prepare_thread() 'Prepare thread running'
INFO: 2020-02-04 15:01:33,787: prepare_thread() 'Prepared buffer contains 0 images'
INFO: 2020-02-04 15:01:33,787: prepare_thread() 'Preparing some images'
INFO: 2020-02-04 15:01:33,825: update_indicator_icon() 'Creating indicator'
WARNING: 2020-02-04 15:01:33,876: create_menu() 'Variety Slideshow is not installed. This is an optional extension adding pan-and-zoom slideshows to Variety: see https://github.com/peterlevi/variety-slideshow for details'
INFO: 2020-02-04 15:01:33,886: create_indicator() 'indicator backend: AppIndicator3'
INFO: 2020-02-04 15:01:33,896: do_set_wp() 'Calling do_set_wp with /home/paarangat/.config/variety/Downloaded/Earth View/Dashoguz Province, Turkmenistan (ID-6048).jpg, time: 1580790693.896245'
INFO: 2020-02-04 15:01:33,997: prepare_thread() 'After search prepared buffer contains 30 images'
INFO: 2020-02-04 15:01:34,003: update_indicator() 'Setting file info to: /home/paarangat/.config/variety/Downloaded/Earth View/Dashoguz Province, Turkmenistan (ID-6048).jpg'
INFO: 2020-02-04 15:01:34,011: list_files() 'More than 1 files in the folders, stop listing'
INFO: 2020-02-04 15:01:34,057: set_from_theme_icon() 'Showing indicator icon variety-indicator from GTK theme'
INFO: 2020-02-04 15:01:35,834: reload() 'Reloading preferences dialog'
INFO: 2020-02-04 15:01:36,024: trigger_download() 'Triggering download thread to check if download needed'
INFO: 2020-02-04 15:01:53,838: server_options_thread() 'Fetching server options from http://tiny.cc/variety-options-063'
INFO: 2020-02-04 15:01:56,331: server_options_thread() 'Fetched server options: {'flickr': {'min_fill_queue_interval': 1200, 'min_download_interval': 1200}, 'wallbase': {'min_fill_queue_interval': 1800, 'min_download_interval': 1800}, 'wallhaven': {'min_fill_queue_interval': 1800, 'min_download_interval': 1800}, 'wallpapers.net': {'min_fill_queue_interval': 600, 'min_download_interval': 0}, 'unsplash': {'min_fill_queue_interval': 20000000000, 'min_download_interval': 20000000000}, 'unsplash_v2': {'min_fill_queue_interval': 1800, 'min_download_interval': 600}, 'status_message': {'0.0.1': '', '*': ''}}'
